Log file open, 01/01/18 22:54:27
LogInit:Display: Running engine for game: qiuqiuProj
LogPlatformFile: Not using cached read wrapper
LogInit:Display: RandInit(1121228218) SRandInit(1121228218).
LogTaskGraph: Started task graph with 5 named threads and 6 total threads with 1 sets of task threads.
LogStats: Stats thread started at 0.087896
LogInit: Using libcurl 7.47.1
LogInit:  - built for x86_64-pc-win32
LogInit:  - supports SSL with OpenSSL/1.0.2g
LogInit:  - supports HTTP deflate (compression) using libz 1.2.8
LogInit:  - other features:
LogInit:      CURL_VERSION_SSL
LogInit:      CURL_VERSION_LIBZ
LogInit:      CURL_VERSION_IPV6
LogInit:      CURL_VERSION_ASYNCHDNS
LogInit:      CURL_VERSION_LARGEFILE
LogInit:      CURL_VERSION_IDN
LogInit:  CurlRequestOptions (configurable via config and command line):
LogInit:  - bVerifyPeer = false  - Libcurl will NOT verify peer certificate
LogInit:  - bUseHttpProxy = false  - Libcurl will NOT use HTTP proxy
LogInit:  - bDontReuseConnections = false  - Libcurl will reuse connections
LogInit:  - CertBundlePath = nullptr  - Libcurl will use whatever was configured at build time.
LogInit: Build: ++UE4+Release-4.15-CL-3450819
LogInit: Engine Version: 4.15.3-3450819+++UE4+Release-4.15
LogInit: Compatible Engine Version: 4.15.0-3299760+++UE4+Release-4.15
LogInit: Net CL: 3299760
LogDevObjectVersion: Number of dev versions registered: 14
LogDevObjectVersion:   Dev-Blueprints (B0D832E4-1F89-4F0D-ACCF-7EB736FD4AA2): 8
LogDevObjectVersion:   Dev-Build (E1C64328-A22C-4D53-A36C-8E866417BD8C): 0
LogDevObjectVersion:   Dev-Core (375EC13C-06E4-48FB-B500-84F0262A717E): 2
LogDevObjectVersion:   Dev-Editor (E4B068ED-F494-42E9-A231-DA0B2E46BB41): 14
LogDevObjectVersion:   Dev-Framework (CFFC743F-43B0-4480-9391-14DF171D2073): 22
LogDevObjectVersion:   Dev-Mobile (B02B49B5-BB20-44E9-A304-32B752E40360): 0
LogDevObjectVersion:   Dev-Networking (A4E4105C-59A1-49B5-A7C5-40C4547EDFEE): 0
LogDevObjectVersion:   Dev-Online (39C831C9-5AE6-47DC-9A44-9C173E1C8E7C): 0
LogDevObjectVersion:   Dev-Physics (78F01B33-EBEA-4F98-B9B4-84EACCB95AA2): 0
LogDevObjectVersion:   Dev-Platform (6631380F-2D4D-43E0-8009-CF276956A95A): 0
LogDevObjectVersion:   Dev-Rendering (12F88B9F-8875-4AFC-A67C-D90C383ABD29): 12
LogDevObjectVersion:   Dev-Sequencer (7B5AE74C-D270-4C10-A958-57980B212A5A): 3
LogDevObjectVersion:   Dev-VR (D7296918-1DD6-4BDD-9DE2-64A83CC13884): 0
LogDevObjectVersion:   Dev-LoadTimes (C2A15278-BFE7-4AFE-6C17-90FF531DF755): 1
LogInit: Compiled (64-bit): May 21 2017 11:02:34
LogInit: Compiled with Visual C++: 19.00.23026.00
LogInit: Build Configuration: Development
LogInit: Branch Name: ++UE4+Release-4.15
LogInit: Command line: 
LogInit: Base directory: F:/UnrealEngine4.15/UE_4.15/Engine/Binaries/Win64/
LogInit: Installed Engine Build: 1
LogInit: Presizing for max 8388607 objects, including 0 objects not considered by GC, pre-allocating 0 bytes for permanent pool.
LogInit: Object subsystem initialized
[2018.01.01-14.54.29:395][  0]LogInit: Selected Device Profile: [Windows]
[2018.01.01-14.54.29:395][  0]LogInit: Applying CVar settings loaded from the selected device profile: [Windows]
[2018.01.01-14.54.29:412][  0]LogInit: Computer: NGZNFZ7LV78EHKV
[2018.01.01-14.54.29:412][  0]LogInit: User: Administrator
[2018.01.01-14.54.29:412][  0]LogInit: CPU Page size=65536, Cores=2
[2018.01.01-14.54.29:412][  0]LogInit: High frequency timer resolution =1.851184 MHz
[2018.01.01-14.54.29:412][  0]LogMemory: Memory total: Physical=3.9GB (4GB approx)
[2018.01.01-14.54.29:412][  0]LogMemory: Platform Memory Stats for Windows
[2018.01.01-14.54.29:412][  0]LogMemory: Process Physical Memory: 263.37 MB used, 263.37 MB peak
[2018.01.01-14.54.29:412][  0]LogMemory: Process Virtual Memory: 262.38 MB used, 262.38 MB peak
[2018.01.01-14.54.29:412][  0]LogMemory: Physical Memory: 2167.61 MB used,  1811.65 MB free, 3979.26 MB total
[2018.01.01-14.54.29:412][  0]LogMemory: Virtual Memory: 642.95 MB used,  1811.65 MB free, 134217728.00 MB total
[2018.01.01-14.54.29:604][  0]LogTextLocalizationManager:Warning: Loaded localization resources contain conflicting entries for (Namespace:UObjectToolTips, Key:AnimNode_AssetPlayerBase:InternalTimeAccumulator):
Localization Resource: (F:/UnrealEngine4.15/UE_4.15/Engine/Content/Localization/EditorTutorials/zh-CN/EditorTutorials.locres) Source String Hash: (502993589) Localized String: (用于引用此节点中的资源的累积时间)
Localization Resource: (F:/UnrealEngine4.15/UE_4.15/Engine/Content/Localization/Engine/zh-CN/Engine.locres) Source String Hash: (502993589) Localized String: (引用该节点中资源所用的累计时间)
[2018.01.01-14.54.29:604][  0]LogTextLocalizationManager:Warning: Loaded localization resources contain conflicting entries for (Namespace:UObjectToolTips, Key:AnimNode_AssetPlayerBase:bIgnoreForRelevancyTest):
Localization Resource: (F:/UnrealEngine4.15/UE_4.15/Engine/Content/Localization/EditorTutorials/zh-CN/EditorTutorials.locres) Source String Hash: (319969718) Localized String: (若为真，在状态中寻找最高权重动画的“相关动画”节点将忽视 此节点)
Localization Resource: (F:/UnrealEngine4.15/UE_4.15/Engine/Content/Localization/Engine/zh-CN/Engine.locres) Source String Hash: (319969718) Localized String: (如果为真，那么将会忽略查找最高权重动画的"相关动画"节点。
这个节点)
[2018.01.01-14.54.29:604][  0]LogTextLocalizationManager:Warning: Loaded localization resources contain conflicting entries for (Namespace:UObjectToolTips, Key:AnimNode_AssetPlayerBase:BlendWeight):
Localization Resource: (F:/UnrealEngine4.15/UE_4.15/Engine/Content/Localization/EditorTutorials/zh-CN/EditorTutorials.locres) Source String Hash: (-1232800293) Localized String: (此节点最后交会的混合权重)
Localization Resource: (F:/UnrealEngine4.15/UE_4.15/Engine/Content/Localization/Engine/zh-CN/Engine.locres) Source String Hash: (-1232800293) Localized String: (该节点上一次遇到的混合权重)
[2018.01.01-14.54.30:181][  0]LogD3D11RHI: D3D11 adapters:
[2018.01.01-14.54.30:249][  0]LogD3D11RHI:    0. 'NVIDIA GeForce 820M' (Feature Level 11_0)
[2018.01.01-14.54.30:249][  0]LogD3D11RHI:       2000/0/1989 MB DedicatedVideo/DedicatedSystem/SharedSystem, Outputs:1, VendorId:0x10de
[2018.01.01-14.54.30:259][  0]LogD3D11RHI:    1. 'Intel(R) HD Graphics Family' (Feature Level 11_0)
[2018.01.01-14.54.30:259][  0]LogD3D11RHI:       112/0/1989 MB DedicatedVideo/DedicatedSystem/SharedSystem, Outputs:0, VendorId:0x8086
[2018.01.01-14.54.30:261][  0]LogD3D11RHI:    2. 'Microsoft Basic Render Driver' (Feature Level 11_0)
[2018.01.01-14.54.30:261][  0]LogD3D11RHI:       0/0/1989 MB DedicatedVideo/DedicatedSystem/SharedSystem, Outputs:0, VendorId:0x1414
[2018.01.01-14.54.30:261][  0]LogD3D11RHI: Chosen D3D11 Adapter: 0
[2018.01.01-14.54.30:266][  0]LogD3D11RHI: Creating new Direct3DDevice
[2018.01.01-14.54.30:266][  0]LogD3D11RHI:     GPU DeviceId: 0x1140 (for the marketing name, search the web for "GPU Device Id")
[2018.01.01-14.54.30:266][  0]LogWindows: EnumDisplayDevices:
[2018.01.01-14.54.30:266][  0]LogWindows:    0. 'Intel(R) HD Graphics Family' (P:1 D:1)
[2018.01.01-14.54.30:266][  0]LogWindows:    1. 'Intel(R) HD Graphics Family' (P:0 D:0)
[2018.01.01-14.54.30:267][  0]LogWindows:    2. 'Intel(R) HD Graphics Family' (P:0 D:0)
[2018.01.01-14.54.30:267][  0]LogWindows: DebugString: PrimaryIsNotTheChoosenAdapter PrimaryIsNotTheChoosenAdapter PrimaryIsNotTheChoosenAdapter FoundDriverCount:0 
[2018.01.01-14.54.30:267][  0]LogD3D11RHI:     Adapter Name: NVIDIA GeForce 820M
[2018.01.01-14.54.30:267][  0]LogD3D11RHI:   Driver Version: Unknown (internal:Unknown, unified:Unknown)
[2018.01.01-14.54.30:267][  0]LogD3D11RHI:      Driver Date: Unknown
[2018.01.01-14.54.30:267][  0]LogRHI: Texture pool is 1361 MB (70% of 1945 MB)
[2018.01.01-14.54.30:302][  0]LogD3D11RHI:Warning: Timestamp queries are currently disabled on this hardware due to instability. Realtime GPU stats will not be available. You can override this behaviour by setting r.NVIDIATimestampWorkaround to 0
[2018.01.01-14.54.30:304][  0]LogD3D11RHI: Async texture creation enabled
[2018.01.01-14.54.30:326][  0]LogD3D11RHI: GPU Timing Frequency: 1000.000000 (Debug: 2 2)
[2018.01.01-14.54.30:327][  0]LogShaderCompilers: Guid format shader working directory is 13 characters bigger than the processId version (D:/UE4_Project/qiuqiu/qiu-proj/qiuqiuProj/Intermediate/Shaders/WorkingDirectory/7208/).
[2018.01.01-14.54.30:327][  0]LogShaderCompilers: Cleaned the shader compiler working directory 'C:/Users/Administrator/AppData/Local/Temp/UnrealShaderWorkingDir/6DF1F7BC471CE804D9C97B87963C6FB2/'.
[2018.01.01-14.54.30:327][  0]LogShaderCompilers:Display: Using Local Shader Compiler.
[2018.01.01-14.54.32:275][  0]LogTemp:Display: Loaded TP AllDesktopTargetPlatform
[2018.01.01-14.54.32:355][  0]LogTemp:Display: Loaded TP MacClientTargetPlatform
[2018.01.01-14.54.32:435][  0]LogTemp:Display: Loaded TP MacNoEditorTargetPlatform
[2018.01.01-14.54.32:517][  0]LogTemp:Display: Loaded TP MacServerTargetPlatform
[2018.01.01-14.54.32:598][  0]LogTemp:Display: Loaded TP MacTargetPlatform
[2018.01.01-14.54.32:678][  0]LogTemp:Display: Loaded TP WindowsClientTargetPlatform
[2018.01.01-14.54.32:759][  0]LogTemp:Display: Loaded TP WindowsNoEditorTargetPlatform
[2018.01.01-14.54.32:859][  0]LogTemp:Display: Loaded TP WindowsServerTargetPlatform
[2018.01.01-14.54.32:952][  0]LogTemp:Display: Loaded TP WindowsTargetPlatform
[2018.01.01-14.54.33:042][  0]LogTemp:Display: Loaded TP AndroidTargetPlatform
[2018.01.01-14.54.33:121][  0]LogTemp:Display: Loaded TP Android_ASTCTargetPlatform
[2018.01.01-14.54.33:202][  0]LogTemp:Display: Loaded TP Android_ATCTargetPlatform
[2018.01.01-14.54.33:285][  0]LogTemp:Display: Loaded TP Android_DXTTargetPlatform
[2018.01.01-14.54.33:365][  0]LogTemp:Display: Loaded TP Android_ETC1TargetPlatform
[2018.01.01-14.54.33:447][  0]LogTemp:Display: Loaded TP Android_ETC2TargetPlatform
[2018.01.01-14.54.33:609][  0]LogTemp:Display: Loaded TP Android_MultiTargetPlatform
[2018.01.01-14.54.33:609][  0]LogTemp:Display: Loaded TP Android_PVRTCTargetPlatform
[2018.01.01-14.54.33:661][  0]LogTemp:Display: Loaded TP HTML5TargetPlatform
[2018.01.01-14.54.33:790][  0]LogTemp:Display: Loaded TP IOSTargetPlatform
[2018.01.01-14.54.33:840][  0]LogTemp:Display: Loaded TP TVOSTargetPlatform
[2018.01.01-14.54.33:919][  0]LogTemp:Display: Loaded TP LinuxClientTargetPlatform
[2018.01.01-14.54.34:000][  0]LogTemp:Display: Loaded TP LinuxNoEditorTargetPlatform
[2018.01.01-14.54.34:078][  0]LogTemp:Display: Loaded TP LinuxServerTargetPlatform
[2018.01.01-14.54.34:157][  0]LogTemp:Display: Loaded TP LinuxTargetPlatform
[2018.01.01-14.54.34:158][  0]LogTargetPlatformManager:Display: Building Assets For Windows
[2018.01.01-14.54.34:710][  0]LogDerivedDataCache:Display: Max Cache Size: 512 MB
[2018.01.01-14.54.34:779][  0]LogDerivedDataCache: Loaded boot cache 0.07s 50MB C:/Users/Administrator/AppData/Local/UnrealEngine/4.15/DerivedDataCache/Boot.ddc.
[2018.01.01-14.54.34:779][  0]LogDerivedDataCache:Display: Loaded Boot cache: C:/Users/Administrator/AppData/Local/UnrealEngine/4.15/DerivedDataCache/Boot.ddc
[2018.01.01-14.54.34:779][  0]LogDerivedDataCache: FDerivedDataBackendGraph:  Pak pak cache file D:/UE4_Project/qiuqiu/qiu-proj/qiuqiuProj/DerivedDataCache/DDC.ddp not found, will not use a pak cache.
[2018.01.01-14.54.34:779][  0]LogDerivedDataCache: Unable to find inner node Pak for hierarchical cache Hierarchy.
[2018.01.01-14.54.34:779][  0]LogDerivedDataCache: FDerivedDataBackendGraph:  CompressedPak pak cache file D:/UE4_Project/qiuqiu/qiu-proj/qiuqiuProj/DerivedDataCache/Compressed.ddp not found, will not use a pak cache.
[2018.01.01-14.54.34:779][  0]LogDerivedDataCache: Unable to find inner node CompressedPak for hierarchical cache Hierarchy.
[2018.01.01-14.54.34:812][  0]LogDerivedDataCache:Display: Pak cache opened for reading ../../../Engine/DerivedDataCache/Compressed.ddp.
[2018.01.01-14.54.34:828][  0]LogDerivedDataCache: Using Local data cache path C:/Users/Administrator/AppData/Local/UnrealEngine/Common/DerivedDataCache: Writable
[2018.01.01-14.54.34:845][  0]LogSlate: Using Freetype 2.6.0
[2018.01.01-14.54.34:845][  0]LogSlate: SlateFontCache - WITH_FREETYPE: 1, WITH_HARFBUZZ: 1
[2018.01.01-14.54.34:845][  0]LogSlate: SlateFontCache - WITH_FREETYPE: 1, WITH_HARFBUZZ: 1
[2018.01.01-14.54.35:380][  0]LogInit: Selected Device Profile: [Windows]
[2018.01.01-14.54.35:384][  0]LogContentStreaming: Texture pool size is 0.00 MB
[2018.01.01-14.54.35:705][  0]LogMeshUtilities: Using QuadricMeshReduction for automatic static mesh reduction
[2018.01.01-14.54.35:766][  0]LogSimplygon: Simplygon DLL not present - disabling.
[2018.01.01-14.54.35:830][  0]LogMeshUtilities: Using SimplygonSwarm for distributed automatic mesh merging
[2018.01.01-14.54.35:830][  0]LogMeshUtilities: No automatic skeletal mesh reduction module available
[2018.01.01-14.54.35:830][  0]LogMeshUtilities: No automatic mesh merging module available
[2018.01.01-14.54.36:623][  0]LogNetVersion: GetLocalNetworkVersion: CL: 3299760, ProjectName: qiuqiuproj, ProjectVersion: , EngineNetworkVersion: 2, GameNetworkVersion: 0, NetworkChecksum: 3189207744
[2018.01.01-14.54.36:677][  0]LogAssetRegistry: FAssetRegistry took 0.0219 seconds to start up
[2018.01.01-14.54.36:799][  0]LogPackageLocalizationCache: Processed 3 localized package path(s) for 4 prioritized culture(s) in 0.096790 seconds
[2018.01.01-14.54.36:806][  0]LogUObjectArray: 32493 objects as part of root set at end of initial load.
[2018.01.01-14.54.36:806][  0]LogUObjectAllocator: 7077024 out of 0 bytes used by permanent object pool.
[2018.01.01-14.54.36:806][  0]LogUObjectArray: CloseDisregardForGC: 0/0 objects in disregard for GC pool
[2018.01.01-14.54.36:884][  0]LogInit: WinSock: version 1.1 (2.2), MaxSocks=32767, MaxUdp=65467
[2018.01.01-14.54.39:150][  0]LogTcpMessaging: Initializing TcpMessaging bridge
[2018.01.01-14.54.39:231][  0]LogUdpMessaging: Initializing bridge on interface 0.0.0.0:0 to multicast group 230.0.0.1:6666.
[2018.01.01-14.54.39:894][  0]LogMaterial: Uniform references updated for custom material expression Custom.
[2018.01.01-14.54.40:465][  0]SourceControl: 信息 源码控制已禁用
[2018.01.01-14.54.40:559][  0]SourceControl: 信息 源码控制已禁用
[2018.01.01-14.54.40:623][  0]SourceControl: 信息 源码控制已禁用
[2018.01.01-14.54.40:686][  0]SourceControl: 信息 源码控制已禁用
[2018.01.01-14.54.42:364][  0]LogEngine: Initializing Engine...
[2018.01.01-14.54.42:366][  0]LogHMD: Failed to initialize OpenVR with code 110
[2018.01.01-14.54.42:549][  0]LogStats: UGameplayTagsManager::ConstructGameplayTagTree: Construct from data asset -  0.000 s
[2018.01.01-14.54.42:549][  0]LogStats: UGameplayTagsManager::ConstructGameplayTagTree: GameplayTagTreeChangedEvent.Broadcast -  0.000 s
[2018.01.01-14.54.42:716][  0]LogAIModule: Creating AISystem for world Untitled
[2018.01.01-14.54.42:727][  0]LogInit: XAudio2 using '扬声器 (Realtek High Definition Audio)' : 2 channels at 48 kHz using 32 bits per sample (channel mask 0x3)
[2018.01.01-14.54.42:879][  0]LogInit: FAudioDevice initialized.
[2018.01.01-14.54.42:924][  0]LogDerivedDataCache: Saved boot cache 0.05s 50MB C:/Users/Administrator/AppData/Local/UnrealEngine/4.15/DerivedDataCache/Boot.ddc.
[2018.01.01-14.54.42:930][  0]LogInit: Texture streaming: Enabled
[2018.01.01-14.54.43:048][  0]LogEngineSessionManager: EngineSessionManager initialized
[2018.01.01-14.54.43:171][  0]LogInit: Transaction tracking system initialized
[2018.01.01-14.54.43:660][  0]BlueprintLog: New page: 编辑器加载
[2018.01.01-14.54.45:029][  0]LocalizationService: 信息 本地化服务已被禁用
[2018.01.01-14.54.45:998][  0]LogConsoleResponse:Display: 
[2018.01.01-14.54.46:196][  0]LogCook:Display: Max memory allowance for cook 16384mb min free memory 0mb
[2018.01.01-14.54.46:196][  0]LogCook:Display: Mobile HDR setting 1
[2018.01.01-14.54.47:151][  0]LogFileCache: Scanning file cache for directory 'D:/UE4_Project/qiuqiu/qiu-proj/qiuqiuProj/Content/' took 0.01s
[2018.01.01-14.54.47:572][  0]SourceControl: 信息 源码控制已禁用
[2018.01.01-14.54.47:572][  0]Cmd: MAP LOAD FILE="D:/UE4_Project/qiuqiu/qiu-proj/qiuqiuProj/Content/RollingBP/Maps/RollingBPExampleMap.umap" TEMPLATE=0 SHOWPROGRESS=1 FEATURELEVEL=3
[2018.01.01-14.54.47:573][  0]LightingResults: New page: 光照构建
[2018.01.01-14.54.47:629][  0]MapCheck: New page: 地图检测
[2018.01.01-14.54.47:629][  0]LightingResults: New page: 光照构建
[2018.01.01-14.54.48:300][  0]LogAIModule: Creating AISystem for world RollingBPExampleMap
[2018.01.01-14.54.48:348][  0]LogEditorServer: Finished looking for orphan Actors (0.000 secs)
[2018.01.01-14.54.48:349][  0]Cmd: MAP CHECKDEP NOCLEARLOG
[2018.01.01-14.54.48:398][  0]MapCheck: 信息 地图检测完成：0个错误，0 个警告，用时48.556毫秒完成。
[2018.01.01-14.54.48:398][  0]LogFileHelpers: Loading map 'RollingBPExampleMap' took 0.825
[2018.01.01-14.54.48:510][  0]LogWindowsTextInputMethodSystem:Display: IME system now activated using TSF (中文(简体) - 2345王牌拼音输入法).
[2018.01.01-14.54.48:841][  0]LogCollectionManager: Loaded 0 collections in 0.001211 seconds
[2018.01.01-14.54.48:957][  0]LogFileCache: Scanning file cache for directory 'D:/UE4_Project/qiuqiu/qiu-proj/qiuqiuProj/Saved/Collections/' took 0.01s
[2018.01.01-14.54.48:957][  0]LogFileCache: Scanning file cache for directory 'D:/UE4_Project/qiuqiu/qiu-proj/qiuqiuProj/Content/Developers/Administrator/Collections/' took 0.01s
[2018.01.01-14.54.48:957][  0]LogFileCache: Scanning file cache for directory 'D:/UE4_Project/qiuqiu/qiu-proj/qiuqiuProj/Content/Collections/' took 0.01s
[2018.01.01-14.54.48:957][  0]LogCollectionManager: Rebuilt the GUID cache for 0 collections in 0.000002 seconds
[2018.01.01-14.54.48:971][  0]LogContentBrowser: Native class hierarchy populated in 0.0140 seconds. Added 2245 classes and 453 folders.
[2018.01.01-14.54.49:055][  0]LogContentBrowser: Native class hierarchy updated for 'WidgetCarousel' in 0.0008 seconds. Added 0 classes and 0 folders.
[2018.01.01-14.54.49:111][  0]LogContentBrowser: Native class hierarchy updated for 'AddContentDialog' in 0.0009 seconds. Added 0 classes and 0 folders.
[2018.01.01-14.54.49:195][  0]LogContentBrowser: Native class hierarchy updated for 'SceneOutliner' in 0.0008 seconds. Added 1 classes and 2 folders.
[2018.01.01-14.54.49:394][  0]LogCrashTracker: Crashtracker disabled due to settings.
[2018.01.01-14.54.51:900][  0]LogSlate: Only BGRA pngs, bmps or icos are supported in by External Image Picker
[2018.01.01-14.54.52:030][  0]LogUObjectGlobals:Warning: 寻找对象'Class 无.'失败
[2018.01.01-14.54.52:169][  0]LogContentBrowser: Native class hierarchy updated for 'HierarchicalLODOutliner' in 0.0012 seconds. Added 1 classes and 2 folders.
[2018.01.01-14.54.52:170][  0]LogLoad: (Engine Initialization) Total time: 25.62 seconds
[2018.01.01-14.54.52:170][  0]LogLoad: (Engine Initialization) Total Blueprint compile time: 0.17 seconds
[2018.01.01-14.54.52:170][  0]LogExternalProfiler: Found external profiler: VSPerf
[2018.01.01-14.54.52:170][  0]LogExternalProfiler: Using external profiler: VSPerf
[2018.01.01-14.54.52:194][  0]LogOcInput: OculusInput pre-init called
[2018.01.01-14.54.52:229][  0]LogContentStreaming: Texture pool size now 1000 MB
[2018.01.01-14.54.52:231][  0]LogSlate: Took 0.000240 seconds to synchronously load lazily loaded font '../../../Engine/Content/Slate/Fonts/Roboto-Regular.ttf' (155K)
[2018.01.01-14.54.52:241][  0]LogSlate: Took 0.006813 seconds to synchronously load lazily loaded font '../../../Engine/Content/Slate/Fonts/DroidSansFallback.ttf' (3848K)
[2018.01.01-14.54.52:245][  0]LogSlate: Took 0.000221 seconds to synchronously load lazily loaded font '../../../Engine/Content/Slate/Fonts/Roboto-Bold.ttf' (160K)
[2018.01.01-14.54.52:290][  0]LogSlate: Took 0.032870 seconds to synchronously load lazily loaded font '../../../Engine/Content/Editor/Slate/Fonts/FontAwesome.ttf' (139K)
[2018.01.01-14.54.52:486][  0]LogSlate: Took 0.000389 seconds to synchronously load lazily loaded font '../../../Engine/Content/Slate/Fonts/Roboto-Light.ttf' (159K)
[2018.01.01-14.54.52:603][  0]LogRenderer: Reallocating scene render targets to support 856x372 NumSamples 1 (Frame:2).
[2018.01.01-14.54.52:931][  2]LogAssetRegistry: Asset discovery search completed in 16.2759 seconds
[2018.01.01-14.54.52:931][  2]LogCollectionManager: Rebuilt the object cache for 0 collections in 0.000018 seconds (found 0 objects)
[2018.01.01-14.54.52:931][  2]LogCollectionManager: Fixed up redirectors for 0 collections in 0.000049 seconds (updated 0 objects)
[2018.01.01-14.54.53:081][  6]LogTemp:Display: Executing iPhonePackager certificates Engine -bundlename com.YourCompany.qiuqiuProj

[2018.01.01-14.54.53:081][  6]LogTemp:Display: CWD: F:\UnrealEngine4.15\UE_4.15\Engine\Binaries\DotNET\IOS

[2018.01.01-14.54.53:081][  6]LogTemp:Display: Initial Dir: F:\UnrealEngine4.15\UE_4.15

[2018.01.01-14.54.53:081][  6]LogTemp:Display: Env CWD: F:\UnrealEngine4.15\UE_4.15\Engine\Binaries\DotNET\IOS

[2018.01.01-14.54.53:118][  8]LogTemp:Display: BranchPath = NGZNFZ7LV78EHKV/F/UnrealEngine4.15/UE_4.15/Engine/Binaries --- GameBranchPath = NGZNFZ7LV78EHKV/F/UnrealEngine4.15/UE_4.15/Engine/Binaries

[2018.01.01-14.54.56:977][193]LogTemp:Display: IPP ERROR: Application exception: System.IO.DirectoryNotFoundException: δ???ҵ?·????C:\Users\Administrator\AppData\Local\Apple Computer\MobileDevice\Provisioning Profiles????һ???֡?

[2018.01.01-14.54.56:977][193]LogTemp:Display:    ?? System.IO.__Error.WinIOError(Int32 errorCode, String maybeFullPath)

[2018.01.01-14.54.56:977][193]LogTemp:Display:    ?? System.IO.FileSystemEnumerableIterator`1.CommonInit()

[2018.01.01-14.54.56:977][193]LogTemp:Display:    ?? System.IO.Directory.EnumerateFiles(String path, String searchPattern)

[2018.01.01-14.54.56:977][193]LogTemp:Display:    ?? iPhonePackager.CodeSignatureBuilder.FindProvisions(String CFBundleIdentifier)

[2018.01.01-14.54.56:977][193]LogTemp:Display:    ?? iPhonePackager.Program.Main(String[] args)

[2018.01.01-14.59.14:879][415]LogSlate: Took 0.000307 seconds to synchronously load lazily loaded font '../../../Engine/Content/Slate/Fonts/Roboto-Light.ttf' (159K)
[2018.01.01-14.59.15:832][415]LogSavePackage: Save=753.35ms
[2018.01.01-14.59.15:832][415]LogSavePackage: Moving 'D:/UE4_Project/qiuqiu/qiu-proj/qiuqiuProj/Saved/RollingBPExampleMapC9DA8FFA48D11AFF03EAE3B0E9EC5C59.tmp' to 'D:/UE4_Project/qiuqiu/qiu-proj/qiuqiuProj/Content/RollingBP/Maps/RollingBPExampleMap.umap'
[2018.01.01-14.59.15:837][415]LogSavePackage:Display: Finished SavePackage D:/UE4_Project/qiuqiu/qiu-proj/qiuqiuProj/Content/RollingBP/Maps/RollingBPExampleMap.umap
[2018.01.01-14.59.15:901][415]Cmd: OBJ SAVEPACKAGE PACKAGE="/Game/RollingBP/Maps/RollingBPExampleMap_BuiltData" FILE="D:/UE4_Project/qiuqiu/qiu-proj/qiuqiuProj/Content/RollingBP/Maps/RollingBPExampleMap_BuiltData.uasset" SILENT=true
[2018.01.01-14.59.16:981][415]LogSlate: Took 0.000244 seconds to synchronously load lazily loaded font '../../../Engine/Content/Slate/Fonts/Roboto-Regular.ttf' (155K)
[2018.01.01-14.59.23:482][415]LogSavePackage: Save=7516.93ms
[2018.01.01-14.59.23:482][415]LogSavePackage: Moving 'D:/UE4_Project/qiuqiu/qiu-proj/qiuqiuProj/Saved/RollingBPExampleMap_BuiltData5A6E409D4914012F9EF02C8C4A2A0582.tmp' to 'D:/UE4_Project/qiuqiu/qiu-proj/qiuqiuProj/Content/RollingBP/Maps/RollingBPExampleMap_BuiltData.uasset'
[2018.01.01-14.59.23:490][415]LogSavePackage:Display: Finished SavePackage D:/UE4_Project/qiuqiu/qiu-proj/qiuqiuProj/Content/RollingBP/Maps/RollingBPExampleMap_BuiltData.uasset
[2018.01.01-15.03.20:351][264]Cmd: OBJ SAVEPACKAGE PACKAGE="/Game/RollingBP/mystruct" FILE="D:/UE4_Project/qiuqiu/qiu-proj/qiuqiuProj/Content/RollingBP/mystruct.uasset" SILENT=true
[2018.01.01-15.03.20:378][264]LogSavePackage: Save=21.74ms
[2018.01.01-15.03.20:378][264]LogSavePackage: Moving 'D:/UE4_Project/qiuqiu/qiu-proj/qiuqiuProj/Saved/mystructD71CE49C4F200C1CCFBDA283F2C78BFE.tmp' to 'D:/UE4_Project/qiuqiu/qiu-proj/qiuqiuProj/Content/RollingBP/mystruct.uasset'
[2018.01.01-15.03.20:386][264]LogSavePackage:Display: Finished SavePackage D:/UE4_Project/qiuqiu/qiu-proj/qiuqiuProj/Content/RollingBP/mystruct.uasset
[2018.01.01-15.03.21:327][265]Cmd: QUIT_EDITOR
[2018.01.01-15.03.21:455][265]LogWindowsTextInputMethodSystem:Display: IME system now activated using TSF (中文(简体) - 2345王牌拼音输入法).
[2018.01.01-15.03.21:492][265]LogExit: Preparing to exit.
[2018.01.01-15.03.22:614][265]LogExit: Editor shut down
[2018.01.01-15.03.22:614][265]LogExit: Transaction tracking system shut down
[2018.01.01-15.03.22:732][265]LogObj: Freed 0b from 0 cluster array pools.
[2018.01.01-15.03.22:732][265]LogExit: Object subsystem successfully closed.
[2018.01.01-15.03.22:750][265]LogD3D11RHI: Shutdown
[2018.01.01-15.03.22:750][265]LogD3D11RHI: CleanupD3DDevice
[2018.01.01-15.03.22:909][265]LogD3D11RHI: ~FD3D11DynamicRHI
[2018.01.01-15.03.22:925][265]LogModuleManager: Shutting down and abandoning module HierarchicalLODOutliner (500)
[2018.01.01-15.03.22:925][265]LogModuleManager: Shutting down and abandoning module ExternalImagePicker (498)
[2018.01.01-15.03.22:925][265]LogModuleManager: Shutting down and abandoning module CrashTracker (496)
[2018.01.01-15.03.22:925][265]LogModuleManager: Shutting down and abandoning module SceneOutliner (494)
[2018.01.01-15.03.22:925][265]LogModuleManager: Shutting down and abandoning module AddContentDialog (492)
[2018.01.01-15.03.22:925][265]LogDirectoryWatcher: A directory notification for 'F:/UnrealEngine4.15/UE_4.15/FeaturePacks/' was aborted.
[2018.01.01-15.03.22:926][265]LogModuleManager: Shutting down and abandoning module WidgetCarousel (491)
[2018.01.01-15.03.22:926][265]LogModuleManager: Shutting down and abandoning module EditorWidgets (488)
[2018.01.01-15.03.22:926][265]LogModuleManager: Shutting down and abandoning module CollectionManager (486)
[2018.01.01-15.03.22:926][265]LogDirectoryWatcher: A directory notification for 'D:/UE4_Project/qiuqiu/qiu-proj/qiuqiuProj/Content/Collections/' was aborted.
[2018.01.01-15.03.22:927][265]LogDirectoryWatcher: A directory notification for 'D:/UE4_Project/qiuqiu/qiu-proj/qiuqiuProj/Content/Developers/Administrator/Collections/' was aborted.
[2018.01.01-15.03.22:927][265]LogDirectoryWatcher: A directory notification for 'D:/UE4_Project/qiuqiu/qiu-proj/qiuqiuProj/Saved/Collections/' was aborted.
[2018.01.01-15.03.22:927][265]LogModuleManager: Shutting down and abandoning module StatsViewer (484)
[2018.01.01-15.03.22:927][265]LogModuleManager: Shutting down and abandoning module FoliageEdit (482)
[2018.01.01-15.03.22:927][265]LogModuleManager: Shutting down and abandoning module LandscapeEditor (480)
[2018.01.01-15.03.22:927][265]LogModuleManager: Shutting down and abandoning module SceneDepthPickerMode (478)
[2018.01.01-15.03.22:927][265]LogModuleManager: Shutting down and abandoning module ActorPickerMode (476)
[2018.01.01-15.03.22:927][265]LogModuleManager: Shutting down and abandoning module GeometryMode (474)
[2018.01.01-15.03.22:927][265]LogModuleManager: Shutting down and abandoning module TextureAlignMode (472)
[2018.01.01-15.03.22:927][265]LogModuleManager: Shutting down and abandoning module BspMode (470)
[2018.01.01-15.03.22:927][265]LogModuleManager: Shutting down and abandoning module HardwareSurvey (468)
[2018.01.01-15.03.22:927][265]LogModuleManager: Shutting down and abandoning module SequenceRecorderSections (466)
[2018.01.01-15.03.22:927][265]LogModuleManager: Shutting down and abandoning module AutomationWorker (464)
[2018.01.01-15.03.22:927][265]LogModuleManager: Shutting down and abandoning module MatineeToLevelSequence (462)
[2018.01.01-15.03.22:927][265]LogModuleManager: Shutting down and abandoning module LevelSequenceEditor (460)
[2018.01.01-15.03.22:927][265]LogModuleManager: Shutting down and abandoning module PlacementMode (459)
[2018.01.01-15.03.22:927][265]LogModuleManager: Shutting down and abandoning module WmfMediaFactory (456)
[2018.01.01-15.03.22:927][265]LogModuleManager: Shutting down and abandoning module WmfMediaEditor (454)
[2018.01.01-15.03.22:927][265]LogModuleManager: Shutting down and abandoning module MfMediaFactory (452)
[2018.01.01-15.03.22:927][265]LogModuleManager: Shutting down and abandoning module MfMediaEditor (450)
[2018.01.01-15.03.22:927][265]LogModuleManager: Shutting down and abandoning module AvfMediaFactory (448)
[2018.01.01-15.03.22:927][265]LogModuleManager: Shutting down and abandoning module AvfMediaEditor (446)
[2018.01.01-15.03.22:927][265]LogModuleManager: Shutting down and abandoning module AndroidMediaFactory (444)
[2018.01.01-15.03.22:927][265]LogModuleManager: Shutting down and abandoning module Media (443)
[2018.01.01-15.03.22:927][265]LogModuleManager: Shutting down and abandoning module AndroidMediaEditor (440)
[2018.01.01-15.03.22:927][265]LogModuleManager: Shutting down and abandoning module CharacterAI (438)
[2018.01.01-15.03.22:927][265]LogModuleManager: Shutting down and abandoning module AudioCapture (436)
[2018.01.01-15.03.22:927][265]LogModuleManager: Shutting down and abandoning module SequenceRecorder (435)
[2018.01.01-15.03.22:927][265]LogModuleManager: Shutting down and abandoning module SmartSnapping (432)
[2018.01.01-15.03.22:927][265]LogModuleManager: Shutting down and abandoning module SessionServices (430)
[2018.01.01-15.03.22:927][265]LogModuleManager: Shutting down and abandoning module ViewportSnapping (428)
[2018.01.01-15.03.22:927][265]LogModuleManager: Shutting down and abandoning module ViewportInteraction (426)
[2018.01.01-15.03.22:927][265]LogModuleManager: Shutting down and abandoning module LogVisualizer (424)
[2018.01.01-15.03.22:927][265]LogModuleManager: Shutting down and abandoning module IntroTutorials (422)
[2018.01.01-15.03.22:928][265]LogModuleManager: Shutting down and abandoning module GameProjectGeneration (421)
[2018.01.01-15.03.22:928][265]LogModuleManager: Shutting down and abandoning module EditorLiveStreaming (418)
[2018.01.01-15.03.22:928][265]LogModuleManager: Shutting down and abandoning module IOSPlatformEditor (416)
[2018.01.01-15.03.22:928][265]LogModuleManager: Shutting down and abandoning module HTML5PlatformEditor (414)
[2018.01.01-15.03.22:928][265]LogModuleManager: Shutting down and abandoning module AndroidPlatformEditor (412)
[2018.01.01-15.03.22:928][265]LogModuleManager: Shutting down and abandoning module AndroidDeviceDetection (411)
[2018.01.01-15.03.23:740][265]LogModuleManager: Shutting down and abandoning module IOSRuntimeSettings (408)
[2018.01.01-15.03.23:740][265]LogModuleManager: Shutting down and abandoning module AndroidRuntimeSettings (406)
[2018.01.01-15.03.23:740][265]LogModuleManager: Shutting down and abandoning module InputBindingEditor (404)
[2018.01.01-15.03.23:740][265]LogModuleManager: Shutting down and abandoning module NiagaraEditor (402)
[2018.01.01-15.03.23:740][265]LogModuleManager: Shutting down and abandoning module MergeActors (400)
[2018.01.01-15.03.23:740][265]LogModuleManager: Shutting down and abandoning module SizeMap (398)
[2018.01.01-15.03.23:740][265]LogModuleManager: Shutting down and abandoning module TreeMap (396)
[2018.01.01-15.03.23:740][265]LogModuleManager: Shutting down and abandoning module ReferenceViewer (394)
[2018.01.01-15.03.23:740][265]LogModuleManager: Shutting down and abandoning module LocalizationDashboard (392)
[2018.01.01-15.03.23:740][265]LogModuleManager: Shutting down and abandoning module LocalizationService (391)
[2018.01.01-15.03.23:740][265]LogModuleManager: Shutting down and abandoning module HardwareTargeting (388)
[2018.01.01-15.03.23:740][265]LogModuleManager: Shutting down and abandoning module DeviceProfileEditor (386)
[2018.01.01-15.03.23:740][265]LogModuleManager: Shutting down and abandoning module UndoHistory (384)
[2018.01.01-15.03.23:741][265]LogModuleManager: Shutting down and abandoning module UserFeedback (382)
[2018.01.01-15.03.23:741][265]LogModuleManager: Shutting down and abandoning module XmlParser (380)
[2018.01.01-15.03.23:741][265]LogModuleManager: Shutting down and abandoning module Blutility (378)
[2018.01.01-15.03.23:741][265]LogModuleManager: Shutting down and abandoning module ProjectSettingsViewer (376)
[2018.01.01-15.03.23:741][265]LogModuleManager: Shutting down and abandoning module ProjectTargetPlatformEditor (375)
[2018.01.01-15.03.23:741][265]LogModuleManager: Shutting down and abandoning module EditorSettingsViewer (372)
[2018.01.01-15.03.23:741][265]LogModuleManager: Shutting down and abandoning module SettingsEditor (370)
[2018.01.01-15.03.23:741][265]LogModuleManager: Shutting down and abandoning module ProjectLauncher (368)
[2018.01.01-15.03.23:741][265]LogModuleManager: Shutting down and abandoning module SessionFrontend (366)
[2018.01.01-15.03.23:741][265]LogModuleManager: Shutting down and abandoning module ProfilerClient (364)
[2018.01.01-15.03.23:741][265]LogModuleManager: Shutting down and abandoning module DeviceManager (362)
[2018.01.01-15.03.23:741][265]LogModuleManager: Shutting down and abandoning module TargetDeviceServices (361)
[2018.01.01-15.03.23:786][265]LogModuleManager: Shutting down and abandoning module AutomationController (358)
[2018.01.01-15.03.23:786][265]LogModuleManager: Shutting down and abandoning module AutomationWindow (356)
[2018.01.01-15.03.23:786][265]LogModuleManager: Shutting down and abandoning module Layers (354)
[2018.01.01-15.03.23:786][265]LogModuleManager: Shutting down and abandoning module ComponentVisualizers (352)
[2018.01.01-15.03.23:786][265]LogModuleManager: Shutting down and abandoning module DetailCustomizations (350)
[2018.01.01-15.03.23:786][265]LogModuleManager: Shutting down and abandoning module PackagesDialog (348)
[2018.01.01-15.03.23:786][265]LogModuleManager: Shutting down and abandoning module Persona (346)
[2018.01.01-15.03.23:786][265]LogModuleManager: Shutting down and abandoning module AnimGraph (345)
[2018.01.01-15.03.23:786][265]LogModuleManager: Shutting down and abandoning module Kismet (342)
[2018.01.01-15.03.23:786][265]LogModuleManager: Shutting down and abandoning module GraphEditor (340)
[2018.01.01-15.03.23:786][265]LogModuleManager: Shutting down and abandoning module ClassViewer (338)
[2018.01.01-15.03.23:786][265]LogModuleManager: Shutting down and abandoning module Toolbox (336)
[2018.01.01-15.03.23:786][265]LogModuleManager: Shutting down and abandoning module ModuleUI (334)
[2018.01.01-15.03.23:786][265]LogModuleManager: Shutting down and abandoning module MovieSceneTools (332)
[2018.01.01-15.03.23:786][265]LogModuleManager: Shutting down and abandoning module OutputLog (330)
[2018.01.01-15.03.23:786][265]LogModuleManager: Shutting down and abandoning module GammaUI (328)
[2018.01.01-15.03.23:786][265]LogModuleManager: Shutting down and abandoning module Documentation (326)
[2018.01.01-15.03.23:786][265]LogModuleManager: Shutting down and abandoning module Niagara (324)
[2018.01.01-15.03.23:786][265]LogModuleManager: Shutting down and abandoning module StreamingPauseRendering (322)
[2018.01.01-15.03.23:786][265]LogModuleManager: Shutting down and abandoning module AnalyticsET (320)
[2018.01.01-15.03.23:786][265]LogModuleManager: Shutting down and abandoning module PortalServices (318)
[2018.01.01-15.03.23:786][265]LogModuleManager: Shutting down and abandoning module PortalRpc (316)
[2018.01.01-15.03.23:786][265]LogModuleManager: Shutting down and abandoning module MessagingRpc (314)
[2018.01.01-15.03.23:786][265]LogModuleManager: Shutting down and abandoning module AIModule (312)
[2018.01.01-15.03.23:786][265]LogModuleManager: Shutting down and abandoning module GameplayDebugger (311)
[2018.01.01-15.03.23:786][265]LogModuleManager: Shutting down and abandoning module AITestSuite (309)
[2018.01.01-15.03.23:786][265]LogModuleManager: Shutting down and abandoning module ProfilerService (306)
[2018.01.01-15.03.23:804][265]LogModuleManager: Shutting down and abandoning module TaskGraph (304)
[2018.01.01-15.03.23:804][265]LogModuleManager: Shutting down and abandoning module SteamVRController (302)
[2018.01.01-15.03.23:804][265]LogModuleManager: Shutting down and abandoning module SteamVR (300)
[2018.01.01-15.03.23:804][265]LogModuleManager: Shutting down and abandoning module ProceduralMeshComponentEditor (298)
[2018.01.01-15.03.23:804][265]LogModuleManager: Shutting down and abandoning module ProceduralMeshComponent (296)
[2018.01.01-15.03.23:804][265]LogModuleManager: Shutting down and abandoning module OculusLibrary (294)
[2018.01.01-15.03.23:804][265]LogModuleManager: Shutting down and abandoning module OculusInput (292)
[2018.01.01-15.03.23:804][265]LogModuleManager: Shutting down and abandoning module MobilePatchingUtils (290)
[2018.01.01-15.03.23:804][265]LogModuleManager: Shutting down and abandoning module CustomMeshComponent (288)
[2018.01.01-15.03.23:804][265]LogModuleManager: Shutting down and abandoning module CableComponent (286)
[2018.01.01-15.03.23:804][265]LogModuleManager: Shutting down and abandoning module ArchVisCharacter (284)
[2018.01.01-15.03.23:804][265]LogModuleManager: Shutting down and abandoning module MediaPlayerEditor (280)
[2018.01.01-15.03.23:804][265]LogModuleManager: Shutting down and abandoning module HTML5Networking (278)
[2018.01.01-15.03.23:804][265]LogModuleManager: Shutting down and abandoning module AlembicImporter (276)
[2018.01.01-15.03.23:804][265]LogModuleManager: Shutting down and abandoning module AlembicLibrary (275)
[2018.01.01-15.03.23:804][265]LogModuleManager: Shutting down and abandoning module GeometryCache (274)
[2018.01.01-15.03.23:804][265]LogModuleManager: Shutting down and abandoning module GeometryCacheEd (273)
[2018.01.01-15.03.23:804][265]LogModuleManager: Shutting down and abandoning module SuperSearchEditor (268)
[2018.01.01-15.03.23:804][265]LogModuleManager: Shutting down and abandoning module SuperSearch (267)
[2018.01.01-15.03.23:804][265]LogModuleManager: Shutting down and abandoning module SpeedTreeImporter (264)
[2018.01.01-15.03.23:804][265]LogModuleManager: Shutting down and abandoning module PluginBrowser (262)
[2018.01.01-15.03.23:804][265]LogModuleManager: Shutting down and abandoning module MobileLauncherProfileWizard (260)
[2018.01.01-15.03.23:804][265]LogModuleManager: Shutting down and abandoning module EpicSurvey (258)
[2018.01.01-15.03.23:804][265]LogModuleManager: Shutting down and abandoning module VisualStudioSourceCodeAccess (256)
[2018.01.01-15.03.23:804][265]LogModuleManager: Shutting down and abandoning module DesktopPlatform (255)
[2018.01.01-15.03.23:804][265]LogModuleManager: Shutting down and abandoning module UObjectPlugin (252)
[2018.01.01-15.03.23:804][265]LogModuleManager: Shutting down and abandoning module SubversionSourceControl (250)
[2018.01.01-15.03.23:804][265]LogModuleManager: Shutting down and abandoning module PerforceSourceControl (248)
[2018.01.01-15.03.23:804][265]LogModuleManager: Shutting down and abandoning module GitSourceControl (246)
[2018.01.01-15.03.23:804][265]LogModuleManager: Shutting down and abandoning module SourceControl (245)
[2018.01.01-15.03.23:804][265]LogModuleManager: Shutting down and abandoning module LightPropagationVolumeEditor (242)
[2018.01.01-15.03.23:804][265]LogModuleManager: Shutting down and abandoning module PaperTiledImporter (240)
[2018.01.01-15.03.23:804][265]LogModuleManager: Shutting down and abandoning module PaperSpriteSheetImporter (238)
[2018.01.01-15.03.23:804][265]LogModuleManager: Shutting down and abandoning module Paper2DEditor (236)
[2018.01.01-15.03.23:804][265]LogModuleManager: Shutting down and abandoning module MeshPaint (235)
[2018.01.01-15.03.23:804][265]LogModuleManager: Shutting down and abandoning module LevelEditor (233)
[2018.01.01-15.03.23:805][265]LogModuleManager: Shutting down and abandoning module PixelInspectorModule (232)
[2018.01.01-15.03.23:805][265]LogModuleManager: Shutting down and abandoning module MainFrame (230)
[2018.01.01-15.03.23:805][265]LogModuleManager: Shutting down and abandoning module HotReload (229)
[2018.01.01-15.03.23:806][265]LogModuleManager: Shutting down and abandoning module ContentBrowser (225)
[2018.01.01-15.03.23:807][265]LogModuleManager: Shutting down and abandoning module PhysXVehiclesEditor (222)
[2018.01.01-15.03.23:807][265]LogModuleManager: Shutting down and abandoning module PhysXVehicles (220)
[2018.01.01-15.03.23:807][265]LogModuleManager: Shutting down and abandoning module LocationServicesBPLibrary (218)
[2018.01.01-15.03.23:807][265]LogModuleManager: Shutting down and abandoning module UdpMessaging (216)
[2018.01.01-15.03.23:909][265]LogModuleManager: Shutting down and abandoning module TcpMessaging (214)
[2018.01.01-15.03.24:010][265]LogModuleManager: Shutting down and abandoning module GameplayTagsEditor (212)
[2018.01.01-15.03.24:010][265]LogModuleManager: Shutting down and abandoning module FacialAnimationEditor (210)
[2018.01.01-15.03.24:010][265]LogModuleManager: Shutting down and abandoning module FacialAnimation (208)
[2018.01.01-15.03.24:010][265]LogModuleManager: Shutting down and abandoning module LightPropagationVolumeRuntime (206)
[2018.01.01-15.03.24:010][265]LogModuleManager: Shutting down and abandoning module Paper2D (204)
[2018.01.01-15.03.24:010][265]LogModuleManager: Shutting down and abandoning module WindowsMoviePlayer (202)
[2018.01.01-15.03.24:010][265]LogModuleManager: Shutting down and abandoning module WmfMedia (200)
[2018.01.01-15.03.24:010][265]LogModuleManager: Shutting down and abandoning module MfMedia (198)
[2018.01.01-15.03.24:010][265]LogModuleManager: Shutting down and abandoning module MediaAssets (196)
[2018.01.01-15.03.24:010][265]LogModuleManager: Shutting down and abandoning module GameLiveStreaming (194)
[2018.01.01-15.03.24:010][265]LogModuleManager: Shutting down and abandoning module VREditor (192)
[2018.01.01-15.03.24:010][265]LogModuleManager: Shutting down and abandoning module GameplayTasksEditor (190)
[2018.01.01-15.03.24:010][265]LogModuleManager: Shutting down and abandoning module BehaviorTreeEditor (188)
[2018.01.01-15.03.24:011][265]LogModuleManager: Shutting down and abandoning module FunctionalTesting (186)
[2018.01.01-15.03.24:011][265]LogModuleManager: Shutting down and abandoning module CollisionAnalyzer (184)
[2018.01.01-15.03.24:011][265]LogModuleManager: Shutting down and abandoning module UMG (182)
[2018.01.01-15.03.24:011][265]LogModuleManager: Shutting down and abandoning module UMGEditor (181)
[2018.01.01-15.03.24:011][265]LogModuleManager: Shutting down and abandoning module Sequencer (180)
[2018.01.01-15.03.24:011][265]LogModuleManager: Shutting down and abandoning module AssetTools (178)
[2018.01.01-15.03.24:011][265]LogModuleManager: Shutting down and abandoning module MessageLog (177)
[2018.01.01-15.03.24:011][265]LogModuleManager: Shutting down and abandoning module WorkspaceMenuStructure (176)
[2018.01.01-15.03.24:011][265]LogModuleManager: Shutting down and abandoning module SlateReflector (170)
[2018.01.01-15.03.24:011][265]LogModuleManager: Shutting down and abandoning module Slate (168)
[2018.01.01-15.03.24:011][265]LogModuleManager: Shutting down and abandoning module EditorStyle (166)
[2018.01.01-15.03.24:014][265]LogModuleManager: Shutting down and abandoning module SourceCodeAccess (164)
[2018.01.01-15.03.24:014][265]LogModuleManager: Shutting down and abandoning module HeadMountedDisplay (162)
[2018.01.01-15.03.24:014][265]LogModuleManager: Shutting down and abandoning module XAudio2 (160)
[2018.01.01-15.03.24:014][265]LogModuleManager: Shutting down and abandoning module Networking (158)
[2018.01.01-15.03.24:014][265]LogModuleManager: Shutting down and abandoning module Core (154)
[2018.01.01-15.03.24:014][265]LogModuleManager: Shutting down and abandoning module AssetRegistry (152)
[2018.01.01-15.03.24:173][265]LogDirectoryWatcher: A directory notification for '../../../Engine/Content/' was aborted.
[2018.01.01-15.03.24:173][265]LogDirectoryWatcher: A directory notification for 'D:/UE4_Project/qiuqiu/qiu-proj/qiuqiuProj/Content/' was aborted.
[2018.01.01-15.03.24:173][265]LogDirectoryWatcher: A directory notification for '../../../Engine/Plugins/2D/Paper2D/Content/' was aborted.
[2018.01.01-15.03.24:174][265]LogModuleManager: Shutting down and abandoning module DirectoryWatcher (151)
[2018.01.01-15.03.24:174][265]LogModuleManager: Shutting down and abandoning module KismetCompiler (148)
[2018.01.01-15.03.24:174][265]LogModuleManager: Shutting down and abandoning module PhysXFormats (146)
[2018.01.01-15.03.24:174][265]LogModuleManager: Shutting down and abandoning module MeshUtilities (144)
[2018.01.01-15.03.24:175][265]LogModuleManager: Shutting down and abandoning module SimplygonSwarm (143)
[2018.01.01-15.03.24:175][265]LogModuleManager: Shutting down and abandoning module SimplygonMeshReduction (141)
[2018.01.01-15.03.24:175][265]LogModuleManager: Shutting down and abandoning module QuadricMeshReduction (139)
[2018.01.01-15.03.24:175][265]LogModuleManager: Shutting down and abandoning module PropertyEditor (137)
[2018.01.01-15.03.24:175][265]LogModuleManager: Shutting down and abandoning module DerivedDataCache (134)
[2018.01.01-15.03.24:176][265]LogDerivedDataCache: Shutdown
[2018.01.01-15.03.24:176][265]LogModuleManager: Shutting down and abandoning module TargetPlatform (132)
[2018.01.01-15.03.24:176][265]LogModuleManager: Shutting down and abandoning module VulkanShaderFormat (131)
[2018.01.01-15.03.24:176][265]LogModuleManager: Shutting down and abandoning module ShaderFormatOpenGL (129)
[2018.01.01-15.03.24:176][265]LogModuleManager: Shutting down and abandoning module ShaderFormatD3D (127)
[2018.01.01-15.03.24:176][265]LogModuleManager: Shutting down and abandoning module MetalShaderFormat (125)
[2018.01.01-15.03.24:176][265]LogModuleManager: Shutting down and abandoning module TextureFormatUncompressed (123)
[2018.01.01-15.03.24:176][265]LogModuleManager: Shutting down and abandoning module TextureFormatPVR (121)
[2018.01.01-15.03.24:176][265]LogModuleManager: Shutting down and abandoning module TextureFormatDXT (119)
[2018.01.01-15.03.24:176][265]LogModuleManager: Shutting down and abandoning module TextureFormatIntelISPCTexComp (117)
[2018.01.01-15.03.24:177][265]LogModuleManager: Shutting down and abandoning module TextureFormatASTC (115)
[2018.01.01-15.03.24:177][265]LogModuleManager: Shutting down and abandoning module ImageWrapper (114)
[2018.01.01-15.03.24:177][265]LogModuleManager: Shutting down and abandoning module TextureFormatAndroid (111)
[2018.01.01-15.03.24:177][265]LogModuleManager: Shutting down and abandoning module AudioFormatOpus (109)
[2018.01.01-15.03.24:177][265]LogModuleManager: Shutting down and abandoning module AudioFormatOgg (107)
[2018.01.01-15.03.24:177][265]LogModuleManager: Shutting down and abandoning module AudioFormatADPCM (105)
[2018.01.01-15.03.24:177][265]LogModuleManager: Shutting down and abandoning module LinuxTargetPlatform (103)
[2018.01.01-15.03.24:177][265]LogModuleManager: Shutting down and abandoning module LinuxServerTargetPlatform (101)
[2018.01.01-15.03.24:177][265]LogModuleManager: Shutting down and abandoning module LinuxNoEditorTargetPlatform (99)
[2018.01.01-15.03.24:177][265]LogModuleManager: Shutting down and abandoning module LinuxClientTargetPlatform (97)
[2018.01.01-15.03.24:177][265]LogModuleManager: Shutting down and abandoning module TVOSTargetPlatform (95)
[2018.01.01-15.03.24:177][265]LogModuleManager: Shutting down and abandoning module Messaging (93)
[2018.01.01-15.03.24:177][265]LogModuleManager: Shutting down and abandoning module IOSTargetPlatform (91)
[2018.01.01-15.03.24:177][265]LogModuleManager: Shutting down and abandoning module HTML5TargetPlatform (89)
[2018.01.01-15.03.24:177][265]LogModuleManager: Shutting down and abandoning module Android_PVRTCTargetPlatform (87)
[2018.01.01-15.03.24:177][265]LogModuleManager: Shutting down and abandoning module Android_MultiTargetPlatform (85)
[2018.01.01-15.03.24:177][265]LogModuleManager: Shutting down and abandoning module Android_ETC2TargetPlatform (83)
[2018.01.01-15.03.24:177][265]LogModuleManager: Shutting down and abandoning module Android_ETC1TargetPlatform (81)
[2018.01.01-15.03.24:177][265]LogModuleManager: Shutting down and abandoning module Android_DXTTargetPlatform (79)
[2018.01.01-15.03.24:177][265]LogModuleManager: Shutting down and abandoning module Android_ATCTargetPlatform (77)
[2018.01.01-15.03.24:177][265]LogModuleManager: Shutting down and abandoning module Android_ASTCTargetPlatform (75)
[2018.01.01-15.03.24:177][265]LogModuleManager: Shutting down and abandoning module AndroidTargetPlatform (73)
[2018.01.01-15.03.24:177][265]LogModuleManager: Shutting down and abandoning module WindowsTargetPlatform (71)
[2018.01.01-15.03.24:177][265]LogModuleManager: Shutting down and abandoning module WindowsServerTargetPlatform (69)
[2018.01.01-15.03.24:177][265]LogModuleManager: Shutting down and abandoning module WindowsNoEditorTargetPlatform (67)
[2018.01.01-15.03.24:177][265]LogModuleManager: Shutting down and abandoning module WindowsClientTargetPlatform (65)
[2018.01.01-15.03.24:177][265]LogModuleManager: Shutting down and abandoning module MacTargetPlatform (63)
[2018.01.01-15.03.24:177][265]LogModuleManager: Shutting down and abandoning module MacServerTargetPlatform (61)
[2018.01.01-15.03.24:177][265]LogModuleManager: Shutting down and abandoning module MacNoEditorTargetPlatform (59)
[2018.01.01-15.03.24:177][265]LogModuleManager: Shutting down and abandoning module MacClientTargetPlatform (57)
[2018.01.01-15.03.24:177][265]LogModuleManager: Shutting down and abandoning module AllDesktopTargetPlatform (55)
[2018.01.01-15.03.24:177][265]LogModuleManager: Shutting down and abandoning module InputCore (52)
[2018.01.01-15.03.24:177][265]LogModuleManager: Shutting down and abandoning module Settings (50)
[2018.01.01-15.03.24:177][265]LogModuleManager: Shutting down and abandoning module OculusRift (48)
[2018.01.01-15.03.24:178][265]LogModuleManager: Shutting down and abandoning module GearVR (46)
[2018.01.01-15.03.24:178][265]LogModuleManager: Shutting down and abandoning module ExampleDeviceProfileSelector (44)
[2018.01.01-15.03.24:178][265]LogModuleManager: Shutting down and abandoning module OnlineBlueprintSupport (42)
[2018.01.01-15.03.24:178][265]LogModuleManager: Shutting down and abandoning module OnlineSubsystem (38)
[2018.01.01-15.03.24:178][265]LogOnline:Display: Unloading online subsystem: NULL
[2018.01.01-15.03.24:178][265]LogModuleManager: Shutting down and abandoning module XMPP (37)
[2018.01.01-15.03.24:178][265]LogModuleManager: Shutting down and abandoning module HTTP (35)
[2018.01.01-15.03.24:178][265]LogHttp:Display: Http module shutting down, but needs to wait on 1 outstanding Http requests:
[2018.01.01-15.03.24:178][265]LogHttp:Display: 	verb=[POST] url=[https://datarouter.ol.epicgames.com/datarouter/api/v1/public/data?SessionID=%7BFF640716-41FC-E3C7-BF90-17B7BCFF7DF9%7D&AppID=UEEditor.Rocket.Release&AppVersion=4.15.3-3450819%2B%2B%2BUE4%2BRelease-4.15&UserID=d6a256764ac6c004195ef28d10ec91d6%7C54f8688f8d3040ae996968799e67be12%7C94918248-df49-4647-a50c-a10068c628c8&AppEnvironment=datacollector-binary&UploadType=eteventstream] status=Processing
[2018.01.01-15.03.24:209][265]LogModuleManager: Shutting down and abandoning module SSL (34)
[2018.01.01-15.03.24:211][265]LogModuleManager: Shutting down and abandoning module AudioEditor (30)
[2018.01.01-15.03.24:211][265]LogModuleManager: Shutting down and abandoning module TextureCompressor (28)
[2018.01.01-15.03.24:212][265]LogModuleManager: Shutting down and abandoning module ShaderCore (26)
[2018.01.01-15.03.24:212][265]LogModuleManager: Shutting down and abandoning module Landscape (24)
[2018.01.01-15.03.24:212][265]LogModuleManager: Shutting down and abandoning module SlateRHIRenderer (22)
[2018.01.01-15.03.24:214][265]LogModuleManager: Shutting down and abandoning module OpenGLDrv (20)
[2018.01.01-15.03.24:214][265]LogModuleManager: Shutting down and abandoning module D3D11RHI (18)
[2018.01.01-15.03.24:214][265]LogModuleManager: Shutting down and abandoning module AnimGraphRuntime (16)
[2018.01.01-15.03.24:214][265]LogModuleManager: Shutting down and abandoning module Renderer (14)
[2018.01.01-15.03.24:214][265]LogModuleManager: Shutting down and abandoning module Engine (12)
[2018.01.01-15.03.24:214][265]LogModuleManager: Shutting down and abandoning module CoreUObject (10)
[2018.01.01-15.03.24:214][265]LogModuleManager: Shutting down and abandoning module NetworkFile (8)
[2018.01.01-15.03.24:214][265]LogModuleManager: Shutting down and abandoning module StreamingFile (6)
[2018.01.01-15.03.24:214][265]LogModuleManager: Shutting down and abandoning module SandboxFile (4)
[2018.01.01-15.03.24:214][265]LogModuleManager: Shutting down and abandoning module PakFile (2)
[2018.01.01-15.03.24:216][265]LogExit: Exiting.
[2018.01.01-15.03.24:227][265]Log file closed, 01/01/18 23:03:24
